{"synthetic": false,
 "schemaVersion": "2025-09-10",
 "outputs":
 {"o": ["b7fee347c8ca6b84.olean"],
  "m": false,
  "i": "206f3a9ecfbcaec5.ilean",
  "c": "848c8e5689bd081c.c"},
 "log":
 [{"message":
   ".> LEAN_PATH=/home/z/my-project/biocompiler/proof/.lake/build/lib/lean /home/z/.elan/toolchains/leanprover--lean4---v4.30.0/bin/lean -DautoImplicit=false /home/z/my-project/biocompiler/proof/BioCompiler/Certificates.lean -o /home/z/my-project/biocompiler/proof/.lake/build/lib/lean/BioCompiler/Certificates.olean -i /home/z/my-project/biocompiler/proof/.lake/build/lib/lean/BioCompiler/Certificates.ilean -c /home/z/my-project/biocompiler/proof/.lake/build/ir/BioCompiler/Certificates.c --setup /home/z/my-project/biocompiler/proof/.lake/build/ir/BioCompiler/Certificates.setup.json --json",
   "level": "trace"}],
 "inputs":
 [["BioCompiler.Certificates:deps",
   [["deps",
     [["BioCompiler/BioCompiler:extraDep",
       [["@BioCompiler:extraDep", "00000000000006bb"]]],
      ["imports",
       [["BioCompiler.ThreeValued transitive imports (legacy)",
         "00000000000006bb"],
        ["BioCompiler.ThreeValued:importAllArts", "86584844b3a43f4b"],
        ["BioCompiler.Sequence transitive imports (legacy)",
         "00000000000006bb"],
        ["BioCompiler.Sequence:importAllArts", "0296985af1483811"],
        ["BioCompiler.NDFST transitive imports (legacy)", "e9a07f1bb4174e26"],
        ["BioCompiler.NDFST:importAllArts", "6d62662314c8790c"],
        ["BioCompiler.Scanners transitive imports (legacy)",
         "e9a07f1bb4174e26"],
        ["BioCompiler.Scanners:importAllArts", "c208e93f584adf71"],
        ["BioCompiler.TypeSystem transitive imports (legacy)",
         "6000da43e9da94aa"],
        ["BioCompiler.TypeSystem:importAllArts", "fcbfce3ff15d40f9"],
        ["BioCompiler.Compositional transitive imports (legacy)",
         "4517682d96431616"],
        ["BioCompiler.Compositional:importAllArts", "852522377f7319a5"]]]]],
    ["libs",
     [["import dynlibs", "00000000000006bb"],
      ["package external libraries", "00000000000006bb"],
      ["module dynlibs", "00000000000006bb"],
      ["module plugins", "00000000000006bb"]]]]],
  ["Lean 4.30.0, commit d024af099ca4bf2c86f649261ebf59565dc8c622",
   "2f4703bb19086252"],
  ["/home/z/my-project/biocompiler/proof/BioCompiler/Certificates.lean",
   "925c4fb1eda97bb1"],
  ["options", "00000000000006bb"],
  ["isModule: false", "feefd2a0d3a1847e"],
  ["Module.name: BioCompiler.Certificates", "254281ba69a3b598"],
  ["Package.id?: (some BioCompiler)", "143d9b3ae216737d"],
  ["Module.leanArgs: #[-DautoImplicit=false]", "83bf8aa7a6e9844b"]],
 "depHash": "06b26bd6210dd742"}