{"synthetic": false,
 "schemaVersion": "2025-09-10",
 "outputs":
 {"o": ["b54fbd8666341e53.olean"],
  "m": false,
  "i": "a88faa0cc0a33f32.ilean",
  "c": "6afbbcb215d02dc4.c"},
 "log":
 [{"message":
   ".> LEAN_PATH=/home/z/my-project/biocompiler/proof/.lake/build/lib/lean /home/z/.elan/toolchains/leanprover--lean4---v4.30.0/bin/lean -DautoImplicit=false /home/z/my-project/biocompiler/proof/BioCompiler/Compositional.lean -o /home/z/my-project/biocompiler/proof/.lake/build/lib/lean/BioCompiler/Compositional.olean -i /home/z/my-project/biocompiler/proof/.lake/build/lib/lean/BioCompiler/Compositional.ilean -c /home/z/my-project/biocompiler/proof/.lake/build/ir/BioCompiler/Compositional.c --setup /home/z/my-project/biocompiler/proof/.lake/build/ir/BioCompiler/Compositional.setup.json --json",
   "level": "trace"}],
 "inputs":
 [["BioCompiler.Compositional:deps",
   [["deps",
     [["BioCompiler/BioCompiler:extraDep",
       [["@BioCompiler:extraDep", "00000000000006bb"]]],
      ["imports",
       [["BioCompiler.ThreeValued transitive imports (legacy)",
         "00000000000006bb"],
        ["BioCompiler.ThreeValued:importAllArts", "86584844b3a43f4b"],
        ["BioCompiler.Sequence transitive imports (legacy)",
         "00000000000006bb"],
        ["BioCompiler.Sequence:importAllArts", "0296985af1483811"],
        ["BioCompiler.NDFST transitive imports (legacy)", "e9a07f1bb4174e26"],
        ["BioCompiler.NDFST:importAllArts", "6d62662314c8790c"],
        ["BioCompiler.Scanners transitive imports (legacy)",
         "e9a07f1bb4174e26"],
        ["BioCompiler.Scanners:importAllArts", "c208e93f584adf71"],
        ["BioCompiler.TypeSystem transitive imports (legacy)",
         "6000da43e9da94aa"],
        ["BioCompiler.TypeSystem:importAllArts", "fcbfce3ff15d40f9"]]]]],
    ["libs",
     [["import dynlibs", "00000000000006bb"],
      ["package external libraries", "00000000000006bb"],
      ["module dynlibs", "00000000000006bb"],
      ["module plugins", "00000000000006bb"]]]]],
  ["Lean 4.30.0, commit d024af099ca4bf2c86f649261ebf59565dc8c622",
   "2f4703bb19086252"],
  ["/home/z/my-project/biocompiler/proof/BioCompiler/Compositional.lean",
   "976aa5bb109e6e1a"],
  ["options", "00000000000006bb"],
  ["isModule: false", "feefd2a0d3a1847e"],
  ["Module.name: BioCompiler.Compositional", "75e3a06193373bb5"],
  ["Package.id?: (some BioCompiler)", "143d9b3ae216737d"],
  ["Module.leanArgs: #[-DautoImplicit=false]", "83bf8aa7a6e9844b"]],
 "depHash": "adb5e82610c335a3"}