{"synthetic": false,
 "schemaVersion": "2025-09-10",
 "outputs":
 {"o": ["05ef1e00b7887583.olean"],
  "m": false,
  "i": "4d6ea4749e73f3b9.ilean",
  "c": "aac06cdadd8b704f.c"},
 "log":
 [{"message":
   ".> LEAN_PATH=/home/z/my-project/biocompiler/proof/.lake/build/lib/lean /home/z/.elan/toolchains/leanprover--lean4---v4.30.0/bin/lean -DautoImplicit=false /home/z/my-project/biocompiler/proof/BioCompiler/Scanners.lean -o /home/z/my-project/biocompiler/proof/.lake/build/lib/lean/BioCompiler/Scanners.olean -i /home/z/my-project/biocompiler/proof/.lake/build/lib/lean/BioCompiler/Scanners.ilean -c /home/z/my-project/biocompiler/proof/.lake/build/ir/BioCompiler/Scanners.c --setup /home/z/my-project/biocompiler/proof/.lake/build/ir/BioCompiler/Scanners.setup.json --json",
   "level": "trace"},
  {"message":
   "BioCompiler/Scanners.lean:224:10: unused variable `cpgCount`\n\nNote: This linter can be disabled with `set_option linter.unusedVariables false`",
   "level": "warning"}],
 "inputs":
 [["BioCompiler.Scanners:deps",
   [["deps",
     [["BioCompiler/BioCompiler:extraDep",
       [["@BioCompiler:extraDep", "00000000000006bb"]]],
      ["imports",
       [["BioCompiler.Sequence transitive imports (legacy)",
         "00000000000006bb"],
        ["BioCompiler.Sequence:importAllArts", "0296985af1483811"]]]]],
    ["libs",
     [["import dynlibs", "00000000000006bb"],
      ["package external libraries", "00000000000006bb"],
      ["module dynlibs", "00000000000006bb"],
      ["module plugins", "00000000000006bb"]]]]],
  ["Lean 4.30.0, commit d024af099ca4bf2c86f649261ebf59565dc8c622",
   "2f4703bb19086252"],
  ["/home/z/my-project/biocompiler/proof/BioCompiler/Scanners.lean",
   "d81cbeba07b45cca"],
  ["options", "00000000000006bb"],
  ["isModule: false", "feefd2a0d3a1847e"],
  ["Module.name: BioCompiler.Scanners", "d3d5457c2f4416a8"],
  ["Package.id?: (some BioCompiler)", "143d9b3ae216737d"],
  ["Module.leanArgs: #[-DautoImplicit=false]", "83bf8aa7a6e9844b"]],
 "depHash": "c91bc7573acb5c8b"}