{"synthetic": false,
 "schemaVersion": "2025-09-10",
 "outputs":
 {"o": ["ccee0a2a7e189a8f.olean"],
  "m": false,
  "i": "7bbfb28e05fb0014.ilean",
  "c": "f21cf2a5be715fd9.c"},
 "log":
 [{"message":
   ".> LEAN_PATH=/home/z/my-project/biocompiler/proof/.lake/build/lib/lean /home/z/.elan/toolchains/leanprover--lean4---v4.30.0/bin/lean -DautoImplicit=false /home/z/my-project/biocompiler/proof/BioCompiler/SLOTIndependence.lean -o /home/z/my-project/biocompiler/proof/.lake/build/lib/lean/BioCompiler/SLOTIndependence.olean -i /home/z/my-project/biocompiler/proof/.lake/build/lib/lean/BioCompiler/SLOTIndependence.ilean -c /home/z/my-project/biocompiler/proof/.lake/build/ir/BioCompiler/SLOTIndependence.c --setup /home/z/my-project/biocompiler/proof/.lake/build/ir/BioCompiler/SLOTIndependence.setup.json --json",
   "level": "trace"}],
 "inputs":
 [["BioCompiler.SLOTIndependence:deps",
   [["deps",
     [["BioCompiler/BioCompiler:extraDep",
       [["@BioCompiler:extraDep", "00000000000006bb"]]],
      ["imports",
       [["BioCompiler.ThreeValued transitive imports (legacy)",
         "00000000000006bb"],
        ["BioCompiler.ThreeValued:importAllArts", "86584844b3a43f4b"],
        ["BioCompiler.Sequence transitive imports (legacy)",
         "00000000000006bb"],
        ["BioCompiler.Sequence:importAllArts", "0296985af1483811"],
        ["BioCompiler.NDFST transitive imports (legacy)", "e9a07f1bb4174e26"],
        ["BioCompiler.NDFST:importAllArts", "f920b497a40bb281"],
        ["BioCompiler.Scanners transitive imports (legacy)",
         "e9a07f1bb4174e26"],
        ["BioCompiler.Scanners:importAllArts", "c208e93f584adf71"],
        ["BioCompiler.TypeSystem transitive imports (legacy)",
         "1721e316345ce8c1"],
        ["BioCompiler.TypeSystem:importAllArts", "fcbfce3ff15d40f9"],
        ["BioCompiler.Compositional transitive imports (legacy)",
         "a0797d4ce0d79416"],
        ["BioCompiler.Compositional:importAllArts", "852522377f7319a5"],
        ["BioCompiler.Certificates transitive imports (legacy)",
         "d2bebd2d0eace9ee"],
        ["BioCompiler.Certificates:importAllArts", "f1deaaa03229a442"]]]]],
    ["libs",
     [["import dynlibs", "00000000000006bb"],
      ["package external libraries", "00000000000006bb"],
      ["module dynlibs", "00000000000006bb"],
      ["module plugins", "00000000000006bb"]]]]],
  ["Lean 4.30.0, commit d024af099ca4bf2c86f649261ebf59565dc8c622",
   "2f4703bb19086252"],
  ["/home/z/my-project/biocompiler/proof/BioCompiler/SLOTIndependence.lean",
   "15bd2806ebd48529"],
  ["options", "00000000000006bb"],
  ["isModule: false", "feefd2a0d3a1847e"],
  ["Module.name: BioCompiler.SLOTIndependence", "296e60200937995b"],
  ["Package.id?: (some BioCompiler)", "143d9b3ae216737d"],
  ["Module.leanArgs: #[-DautoImplicit=false]", "83bf8aa7a6e9844b"]],
 "depHash": "d7dff627d6a60722"}