{"synthetic": false,
 "schemaVersion": "2025-09-10",
 "outputs":
 {"o": ["5981943b79da1bc3.olean"],
  "m": false,
  "i": "2fd91a99d7654bd4.ilean",
  "c": "ddc99f6512c112c4.c"},
 "log":
 [{"message":
   ".> LEAN_PATH=/home/z/my-project/biocompiler/proof/.lake/build/lib/lean /home/z/.elan/toolchains/leanprover--lean4---v4.30.0/bin/lean -DautoImplicit=false /home/z/my-project/biocompiler/proof/BioCompiler/Soundness.lean -o /home/z/my-project/biocompiler/proof/.lake/build/lib/lean/BioCompiler/Soundness.olean -i /home/z/my-project/biocompiler/proof/.lake/build/lib/lean/BioCompiler/Soundness.ilean -c /home/z/my-project/biocompiler/proof/.lake/build/ir/BioCompiler/Soundness.c --setup /home/z/my-project/biocompiler/proof/.lake/build/ir/BioCompiler/Soundness.setup.json --json",
   "level": "trace"}],
 "inputs":
 [["BioCompiler.Soundness:deps",
   [["deps",
     [["BioCompiler/BioCompiler:extraDep",
       [["@BioCompiler:extraDep", "00000000000006bb"]]],
      ["imports",
       [["BioCompiler.ThreeValued transitive imports (legacy)",
         "00000000000006bb"],
        ["BioCompiler.ThreeValued:importAllArts", "86584844b3a43f4b"],
        ["BioCompiler.Sequence transitive imports (legacy)",
         "00000000000006bb"],
        ["BioCompiler.Sequence:importAllArts", "0296985af1483811"],
        ["BioCompiler.NDFST transitive imports (legacy)", "e9a07f1bb4174e26"],
        ["BioCompiler.NDFST:importAllArts", "f920b497a40bb281"],
        ["BioCompiler.Scanners transitive imports (legacy)",
         "e9a07f1bb4174e26"],
        ["BioCompiler.Scanners:importAllArts", "c208e93f584adf71"],
        ["BioCompiler.TypeSystem transitive imports (legacy)",
         "1721e316345ce8c1"],
        ["BioCompiler.TypeSystem:importAllArts", "fcbfce3ff15d40f9"],
        ["BioCompiler.Compositional transitive imports (legacy)",
         "a0797d4ce0d79416"],
        ["BioCompiler.Compositional:importAllArts", "852522377f7319a5"],
        ["BioCompiler.Certificates transitive imports (legacy)",
         "d2bebd2d0eace9ee"],
        ["BioCompiler.Certificates:importAllArts", "f1deaaa03229a442"],
        ["BioCompiler.SLOTIndependence transitive imports (legacy)",
         "468e74cdc83b710e"],
        ["BioCompiler.SLOTIndependence:importAllArts", "29fe7e66064244f9"]]]]],
    ["libs",
     [["import dynlibs", "00000000000006bb"],
      ["package external libraries", "00000000000006bb"],
      ["module dynlibs", "00000000000006bb"],
      ["module plugins", "00000000000006bb"]]]]],
  ["Lean 4.30.0, commit d024af099ca4bf2c86f649261ebf59565dc8c622",
   "2f4703bb19086252"],
  ["/home/z/my-project/biocompiler/proof/BioCompiler/Soundness.lean",
   "06047779d0ae9d1b"],
  ["options", "00000000000006bb"],
  ["isModule: false", "feefd2a0d3a1847e"],
  ["Module.name: BioCompiler.Soundness", "9284ffa065aaea88"],
  ["Package.id?: (some BioCompiler)", "143d9b3ae216737d"],
  ["Module.leanArgs: #[-DautoImplicit=false]", "83bf8aa7a6e9844b"]],
 "depHash": "481c465f4e961796"}